Log: Log file open, 08/10/23 17:00:37
Init: Name subsystem initialized
Init: Version: 469
Init: Revision: c (Release)
Init: Compiled: Oct 29 2022 10:10:27
Init: Command line: 
Init: Base directory: C:\Users\anika\OneDrive\Documents\Unreal Projects\Demo\Unreal Tournament 1999\System\
Init: Character set: Unicode
Log: Bound to Editor.dll
Log: Bound to Core.dll
Log: Bound to Engine.dll
Log: Bound to Window.dll
Log: Bound to Render.dll
Init: Object subsystem initialized
Init: Detected: Microsoft Windows NT 6.2 (Build: 9200)
Log: Enabling Data Executing Prevention
Init: Computer: M16
Init: User: anika
Init: Memory total: Phys=4194303K Pagef=4194303K Virt=4194176K
Init: Working set: 32000 / 159000
Init: CPU Page size=4096, Processors=32
Init: CPU Detected: 13th Gen Intel(R) Core(TM) i9-13900HX (GenuineIntel)
Init: CPU Features: INVARIANT_TSC CMov FPU RDTSC PAE MMX SSE SSE2 SSE3 SSSE3 SSE4_1 SSE4_2 AVX AVX2
Init: Timer Frequency=2419.200965 MHz - Timing Source = RDTSC
Init: Unreal engine initialized
Log: Bound to Galaxy.dll
Init: Galaxy is using WinMM
Init: Galaxy initialized
Init: Transaction tracking system initialized
Init: Loading EditPackage Core...
Init: Loading EditPackage Engine...
Init: Loading EditPackage Editor...
Init: Loading EditPackage UWindow...
Init: Loading EditPackage Fire...
Log: Bound to Fire.dll
Init: Loading EditPackage IpDrv...
Log: Bound to IpDrv.dll
Init: Loading EditPackage UWeb...
Log: Bound to UWeb.dll
Init: Loading EditPackage UBrowser...
Init: Loading EditPackage UnrealShare...
Init: Loading EditPackage UnrealI...
Init: Loading EditPackage UMenu...
Init: Loading EditPackage IpServer...
Init: Loading EditPackage Botpack...
Init: Loading EditPackage UTServerAdmin...
Init: Loading EditPackage UTMenu...
Init: Loading EditPackage UTBrowser...
Log: Bound to WinDrv.dll
Init: Enhanced Pointer Precision Disabled
Init: Initializing DirectDraw
Init: DirectDraw drivers detected:
Init:    display (Primary Display Driver)
Init: DirectDraw: Enumerated Display Modes:
Init: DirectDraw: Mode 640x480x32
Init: DirectDraw: Mode 720x480x32
Init: DirectDraw: Mode 720x576x32
Init: DirectDraw: Mode 800x600x32
Init: DirectDraw: Mode 1024x768x32
Init: DirectDraw: Mode 1152x864x32
Init: DirectDraw: Mode 1176x664x32
Init: DirectDraw: Mode 1280x720x32
Init: DirectDraw: Mode 1280x768x32
Init: DirectDraw: Mode 1280x800x32
Init: DirectDraw: Mode 1280x960x32
Init: DirectDraw: Mode 1280x1024x32
Init: DirectDraw: Mode 1366x768x32
Init: DirectDraw: Mode 1440x1080x32
Init: DirectDraw: Mode 1600x900x32
Init: DirectDraw: Mode 1600x1024x32
Init: DirectDraw: Mode 1680x1050x32
Init: DirectDraw: Mode 3840x2160x32
Init: DirectDraw: Mode 1920x1080x32
Init: DirectDraw: Mode 1440x900x32
Init: DirectDraw: Mode 640x480x16
Init: DirectDraw: Mode 720x480x16
Init: DirectDraw: Mode 720x576x16
Init: DirectDraw: Mode 800x600x16
Init: DirectDraw: Mode 1024x768x16
Init: DirectDraw: Mode 1152x864x16
Init: DirectDraw: Mode 1176x664x16
Init: DirectDraw: Mode 1280x720x16
Init: DirectDraw: Mode 1280x768x16
Init: DirectDraw: Mode 1280x800x16
Init: DirectDraw: Mode 1280x960x16
Init: DirectDraw: Mode 1280x1024x16
Init: DirectDraw: Mode 1366x768x16
Init: DirectDraw: Mode 1440x1080x16
Init: DirectDraw: Mode 1600x900x16
Init: DirectDraw: Mode 1600x1024x16
Init: DirectDraw: Mode 1680x1050x16
Init: DirectDraw: Mode 3840x2160x16
Init: DirectDraw: Mode 1920x1080x16
Init: DirectDraw: Mode 1440x900x16
Init: DirectDraw: Mode 640x480x8
Init: DirectDraw: Mode 720x480x8
Init: DirectDraw: Mode 720x576x8
Init: DirectDraw: Mode 800x600x8
Init: DirectDraw: Mode 1024x768x8
Init: DirectDraw: Mode 1152x864x8
Init: DirectDraw: Mode 1176x664x8
Init: DirectDraw: Mode 1280x720x8
Init: DirectDraw: Mode 1280x768x8
Init: DirectDraw: Mode 1280x800x8
Init: DirectDraw: Mode 1280x960x8
Init: DirectDraw: Mode 1280x1024x8
Init: DirectDraw: Mode 1366x768x8
Init: DirectDraw: Mode 1440x1080x8
Init: DirectDraw: Mode 1600x900x8
Init: DirectDraw: Mode 1600x1024x8
Init: DirectDraw: Mode 1680x1050x8
Init: DirectDraw: Mode 3840x2160x8
Init: DirectDraw: Mode 1920x1080x8
Init: DirectDraw: Mode 1440x900x8
Init: DirectDraw initialized successfully
Init: Disabling RawHIDInput for Editor
Init: Client initialized
Init: Lighting subsystem initialized
Init: Rendering initialized
Init: Constructing brush builder CubeBuilder
Init: Constructing brush builder SheetBuilder
Init: Constructing brush builder CylinderBuilder
Init: Constructing brush builder ConeBuilder
Init: Constructing brush builder TetrahedronBuilder
Init: Constructing brush builder CurvedStairBuilder
Init: Constructing brush builder SpiralStairBuilder
Init: Constructing brush builder LinearStairBuilder
Init: Constructing brush builder TerrainBuilder
Init: Constructing brush builder VolumetricBuilder
Init: Editor engine initialized
Log: Startup time: 1.503364 seconds
Log: Testing supported renderers for level Viewports
Log: Testing renderer GlideDrv.GlideRenderDevice
Init: Input system initialized for TestViewport
Log: This renderer does not work in UEd
Log: Testing renderer MeTaLDrv.MeTaLRenderDevice
Init: Input system initialized for TestViewport
Log: Opened viewport
Warning: Failed to load MeTaLDrv: Can't find file for package MeTaLDrv..
Warning: Failed to load "Class MeTaLDrv.MeTaLRenderDevice": Can't find file for package MeTaLDrv..
Warning: Can't find file for package MeTaLDrv.
Warning: Can't find file for package MeTaLDrv.
Log: Bound to SoftDrv.dll
Log: Transient.WindowsClient0.TestViewport.SoftwareRenderDevice0 is a legacy render device.
DevAudio: Galaxy SetViewport: TestViewport
Log: This renderer does not work in UEd
Log: Closed viewport
DevAudio: Galaxy SetViewport: NULL
Log: Testing renderer SDLGLDrv.SDLGLRenderDevice
Init: Input system initialized for TestViewport
Log: Opened viewport
Warning: Failed to load SDLGLDrv: Can't find file for package SDLGLDrv..
Warning: Failed to load "Class SDLGLDrv.SDLGLRenderDevice": Can't find file for package SDLGLDrv..
Warning: Can't find file for package SDLGLDrv.
Warning: Can't find file for package SDLGLDrv.
Log: Transient.WindowsClient0.TestViewport.SoftwareRenderDevice1 is a legacy render device.
DevAudio: Galaxy SetViewport: TestViewport
Log: This renderer does not work in UEd
Log: Closed viewport
DevAudio: Galaxy SetViewport: NULL
Log: Testing renderer SDLSoftDrv.SDLSoftwareRenderDevice
Init: Input system initialized for TestViewport
Log: Opened viewport
Warning: Failed to load SDLSoftDrv: Can't find file for package SDLSoftDrv..
Warning: Failed to load "Class SDLSoftDrv.SDLSoftwareRenderDevice": Can't find file for package SDLSoftDrv..
Warning: Can't find file for package SDLSoftDrv.
Warning: Can't find file for package SDLSoftDrv.
Log: Transient.WindowsClient0.TestViewport.SoftwareRenderDevice2 is a legacy render device.
DevAudio: Galaxy SetViewport: TestViewport
Log: This renderer does not work in UEd
Log: Closed viewport
DevAudio: Galaxy SetViewport: NULL
Log: Testing renderer SGLDrv.SGLRenderDevice
Init: Input system initialized for TestViewport
Log: Opened viewport
Warning: Failed to load SGLDrv: Can't find file for package SGLDrv..
Warning: Failed to load "Class SGLDrv.SGLRenderDevice": Can't find file for package SGLDrv..
Warning: Can't find file for package SGLDrv.
Warning: Can't find file for package SGLDrv.
Log: Transient.WindowsClient0.TestViewport.SoftwareRenderDevice3 is a legacy render device.
DevAudio: Galaxy SetViewport: TestViewport
Log: This renderer does not work in UEd
Log: Closed viewport
DevAudio: Galaxy SetViewport: NULL
Log: Testing renderer XMesaGLDrv.XMesaGLRenderDevice
Init: Input system initialized for TestViewport
Log: Opened viewport
Warning: Failed to load XMesaGLDrv: Can't find file for package XMesaGLDrv..
Warning: Failed to load "Class XMesaGLDrv.XMesaGLRenderDevice": Can't find file for package XMesaGLDrv..
Warning: Can't find file for package XMesaGLDrv.
Warning: Can't find file for package XMesaGLDrv.
Log: Transient.WindowsClient0.TestViewport.SoftwareRenderDevice4 is a legacy render device.
DevAudio: Galaxy SetViewport: TestViewport
Log: This renderer does not work in UEd
Log: Closed viewport
DevAudio: Galaxy SetViewport: NULL
Init: Input system initialized for U2Viewport0
Log: Opened viewport
Log: Transient.WindowsClient0.U2Viewport0.SoftwareRenderDevice5 is a legacy render device.
Init: Input system initialized for U2Viewport1
Log: Opened viewport
Log: Transient.WindowsClient0.U2Viewport1.SoftwareRenderDevice6 is a legacy render device.
Init: Input system initialized for U2Viewport2
Log: Opened viewport
Log: Transient.WindowsClient0.U2Viewport2.SoftwareRenderDevice7 is a legacy render device.
DevAudio: Galaxy SetViewport: U2Viewport2
Init: Input system initialized for U2Viewport3
Log: Opened viewport
Log: Transient.WindowsClient0.U2Viewport3.SoftwareRenderDevice8 is a legacy render device.
Init: Input system initialized for MeshBrowser
Log: Opened viewport
Log: Transient.WindowsClient0.MeshBrowser.SoftwareRenderDevice9 is a legacy render device.
Init: Input system initialized for TextureBrowser
Log: Opened viewport
Log: Transient.WindowsClient0.TextureBrowser.SoftwareRenderDevice10 is a legacy render device.
Log: WCodeFrame::OpenWindow - Creating Window - W: 384, H: 512
Log: WCodeFrame::OnCreate - Moving Window - X: 157, Y: 205, W: 817, H: 780
Log: Closed viewport
Log: Closed viewport
DevAudio: Galaxy SetViewport: NULL
Log: Closed viewport
Log: Closed viewport
Log: Missing name
Log: Closed viewport
Log: Missing name
Log: Closed viewport
Log: Missing name
Log: Missing name
Log: appRequestExit(0)
Exit: Preparing to exit.
Log: Collecting garbage
Log: Purging garbage
Log: Unbound to Editor.dll
Log: Unbound to Core.dll
Log: Unbound to Engine.dll
Log: Unbound to Window.dll
Log: Unbound to Render.dll
Log: Unloading: Package Editor
Log: Unloading: Package Core
Log: Unloading: Package Engine
Exit: Editor shut down
Log: Unbound to Galaxy.dll
DevAudio: Galaxy SetViewport: NULL
Exit: Galaxy shut down
Exit: Transaction tracking system shut down
Log: Unloading: Package UWindow
Log: Unbound to Fire.dll
Log: Unloading: Package Fire
Log: Unbound to IpDrv.dll
Log: Unloading: Package IpDrv
Log: Unbound to UWeb.dll
Log: Unloading: Package UWeb
Log: Unloading: Package UBrowser
Log: Unloading: Package UnrealShare
Log: Unloading: Package UnrealI
Log: Unloading: Package UMenu
Log: Unloading: Package IpServer
Log: Unloading: Package Botpack
Log: Unloading: Package Female2Voice
Log: Unloading: Package Male2Voice
Log: Unloading: Package Female1Voice
Log: Unloading: Package BossVoice
Log: Unloading: Package Male1Voice
Log: Unloading: Package Announcer
Log: Unloading: Package UTServerAdmin
Log: Unloading: Package UTMenu
Log: Unloading: Package LadderSounds
Log: Unloading: Package LadrArrow
Log: Unloading: Package UTBrowser
Log: Unbound to WinDrv.dll
Log: Unloading: Package WinDrv
Log: DirectDraw End Mode
Log: Flushing cache
Exit: DirectDraw released
Exit: Windows client shut down
Log: Unloading: Package Render
Exit: Lighting subsystem shut down
Exit: Rendering shut down
Log: Unbound to SoftDrv.dll
Log: Garbage: objects: 42405->0; refs: 0
Exit: Object subsystem successfully closed.
Exit: Exiting.
Exit: Allocation checking disabled
Log: Log file closed, 08/10/23 17:01:12
