Log: Log file open, 08/31/23 18:26:39
Init: Name subsystem initialized
Init: Version: 469
Init: Revision: c (Release)
Init: Compiled: Oct 29 2022 10:10:27
Init: Command line: DM-Morpheus.unr?Game=BotPack.DeathMatchPlus?Mutator=?Listen -lanplay -server log=server.log
Init: Base directory: C:\Users\anika\OneDrive\Documents\Unreal Projects\Demo\UT99\System\
Init: Character set: Unicode
Log: Bound to Engine.dll
Log: Bound to Core.dll
Log: Bound to Window.dll
Init: Object subsystem initialized
Init: Detected: Microsoft Windows NT 6.2 (Build: 9200)
Log: Enabling Data Executing Prevention
Init: Computer: M16
Init: User: anika
Init: Memory total: Phys=4194303K Pagef=4194303K Virt=4194176K
Init: Working set: 32000 / 159000
Init: CPU Page size=4096, Processors=32
Init: CPU Detected: 13th Gen Intel(R) Core(TM) i9-13900HX (GenuineIntel)
Init: CPU Features: INVARIANT_TSC CMov FPU RDTSC PAE MMX SSE SSE2 SSE3 SSSE3 SSE4_1 SSE4_2 AVX AVX2
Init: Timer Frequency=2419.199775 MHz - Timing Source = RDTSC
Init: Unreal engine initialized
Log: Browse: DM-Morpheus.unr?Name=adrak0?Class=Botpack.TFemale1?team=1?skin=FCommandoSkins.cmdo?Face=FCommandoSkins.ivana?Voice=BotPack.VoiceFemaleOne?Game=BotPack.DeathMatchPlus?Mutator=?Listen
Log: LoadMap: DM-Morpheus.unr?Name=adrak0?Class=Botpack.TFemale1?team=1?skin=FCommandoSkins.cmdo?Face=FCommandoSkins.ivana?Voice=BotPack.VoiceFemaleOne?Game=BotPack.DeathMatchPlus?Mutator=?Listen
Log: Bound to Fire.dll
Log: Bound to IpDrv.dll
Log: Collecting garbage
Log: Purging garbage
Log: Garbage: objects: 17104->17092; refs: 280830
Log: Game class is 'DeathMatchPlus'
Init: WinSock: version 1.1 (2.2), MaxSocks=32767, MaxUdp=65467
Init: WinSock: Socket queue 131072 / 131072
Init: WinSock: I am M16 (192.168.56.1)
DevNet: TcpNetDriver on port 7777
Log: Server Package: SoldierSkins
Log: Server Package: CommandoSkins
Log: Server Package: FCommandoSkins
Log: Server Package: SGirlSkins
Log: Server Package: BossSkins
Log: Server Package: Botpack
Log: Server Package: MultiMesh
Log: Server Package: Relics
Log: Server Package: EpicCustomModels
Log: Server Package: TCowMeshSkins
Log: Server Package: TNaliMeshSkins
Log: Server Package: TSkMSkins
Log: Server Package: De
Log: MD5 protection enabled: FALSE
Log: Spawning: IpDrv.UdpBeacon
Log: Spawning: IpServer.UdpServerQuery
Log: Spawning: IpServer.UdpServerUplink
Log: Spawning: IpServer.UdpServerUplink
Log: Spawning: IpServer.UdpServerUplink
Log: Spawning: UWeb.WebServer
Log: Bound to UWeb.dll
Log: Bringing Level DM-Morpheus.MyLevel up for play (35)...
ScriptLog: InitGame: ?Name=adrak0?Class=Botpack.TFemale1?team=1?skin=FCommandoSkins.cmdo?Face=FCommandoSkins.ivana?Voice=BotPack.VoiceFemaleOne?Game=BotPack.DeathMatchPlus?Mutator=?Listen
ScriptLog: Base Mutator is DM-Morpheus.DMMutator0
ScriptLog: UdpServerQuery(crt): Port 7778 successfully bound.
Log: Resolving unreal.epicgames.com...
Log: Resolving master0.gamespy.com...
Log: Resolving master.mplayer.com...
ScriptLog: Webserver is not enabled.  Set bEnabled to True in Advanced Options.
ScriptLog: Initiating local logging...
ScriptLog: Initiating world logging...
Init: Game engine initialized
Log: Startup time: 0.388706 seconds
Log: AInternetLink Resolve failed: Can't find host master0.gamespy.com (WSAHOST_NOT_FOUND)
ScriptLog: UdpServerUplink: Failed to resolve master server address, aborting.
Log: Resolved master.mplayer.com (165.160.15.20)
ScriptLog: UdpServerUplink: Master Server is master.mplayer.com:27900
ScriptLog: UdpServerUplink: Port 7779 successfully bound.
Log: AInternetLink Resolve failed: Can't find host unreal.epicgames.com (WSAHOST_NOT_FOUND)
ScriptLog: UdpServerUplink: Failed to resolve master server address, aborting.
DevNet: NotifyAcceptingConnection: Server MyLevel accept
NetComeGo: Open MyLevel 08/31/23 18:31:34 192.168.29.157:58268
DevNet: NotifyAcceptingChannel Control 0 server Level DM-Morpheus.MyLevel: Accepted
DevNet: Level server received: HELLO REVISION=0 MINVER=432 VER=469
DevNet: Level server received: NETSPEED 2600
Log: Client netspeed is 2600
DevNet: Level server received: LOGIN RESPONSE=-39827593 URL=Index.unr?Name=adrak0?Class=Botpack.TFemale1?team=1?skin=FCommandoSkins.cmdo?Face=FCommandoSkins.ivana?Voice=BotPack.VoiceFemaleOne?Checksum=NoChecksum
DevNet: Client passed challenge
DevNet: Login request: Index.unr?Name=adrak0?Class=Botpack.TFemale1?team=1?skin=FCommandoSkins.cmdo?Face=FCommandoSkins.ivana?Voice=BotPack.VoiceFemaleOne?Checksum=NoChecksum
DevNet: Level server received: JOIN
DevNet: Join request: Index.unr?Name=adrak0?Class=Botpack.TFemale1?team=1?skin=FCommandoSkins.cmdo?Face=FCommandoSkins.ivana?Voice=BotPack.VoiceFemaleOne?Checksum=NoChecksum
ScriptLog: Team 1
ScriptLog: Login: adrak0
Log: Possessed PlayerPawn: TFemale1 DM-Morpheus.TFemale0
DevNet: Join succeeded: adrak0
DevNet: NotifyAcceptingConnection: Server MyLevel accept
NetComeGo: Open MyLevel 08/31/23 18:32:42 192.168.29.157:65366
DevNet: NotifyAcceptingChannel Control 0 server Level DM-Morpheus.MyLevel: Accepted
DevNet: Level server received: HELLO REVISION=0 MINVER=432 VER=469
DevNet: Level server received: NETSPEED 20000
Log: Client netspeed is 20000
DevNet: Level server received: LOGIN RESPONSE=-686567671 URL=Index.unr?LAN?Name=adrak0?Class=Botpack.TFemale1?team=1?skin=FCommandoSkins.cmdo?Face=FCommandoSkins.ivana?Voice=BotPack.VoiceFemaleOne?Checksum=NoChecksum
DevNet: Client passed challenge
DevNet: Login request: Index.unr?LAN?Name=adrak0?Class=Botpack.TFemale1?team=1?skin=FCommandoSkins.cmdo?Face=FCommandoSkins.ivana?Voice=BotPack.VoiceFemaleOne?Checksum=NoChecksum
NetComeGo: Close TcpipConnection0 08/31/23 18:32:42
DevNet: Level server received: JOIN
DevNet: Join request: Index.unr?LAN?Name=adrak0?Class=Botpack.TFemale1?team=1?skin=FCommandoSkins.cmdo?Face=FCommandoSkins.ivana?Voice=BotPack.VoiceFemaleOne?Checksum=NoChecksum
ScriptLog: Team 1
ScriptLog: Login: adrak0
Log: Possessed PlayerPawn: TFemale1 DM-Morpheus.TFemale10
DevNet: Join succeeded: adrak0
DevNet: NotifyAcceptingConnection: Server MyLevel accept
NetComeGo: Open MyLevel 08/31/23 18:33:13 192.168.56.1:54602
DevNet: NotifyAcceptingChannel Control 0 server Level DM-Morpheus.MyLevel: Accepted
DevNet: Level server received: HELLO REVISION=0 MINVER=432 VER=469
DevNet: Level server received: NETSPEED 20000
Log: Client netspeed is 20000
DevNet: Level server received: LOGIN RESPONSE=-497444846 URL=Index.unr?LAN?Name=adrak0?Class=Botpack.TFemale1?team=1?skin=FCommandoSkins.cmdo?Face=FCommandoSkins.ivana?Voice=BotPack.VoiceFemaleOne?Checksum=NoChecksum
DevNet: Client passed challenge
DevNet: Login request: Index.unr?LAN?Name=adrak0?Class=Botpack.TFemale1?team=1?skin=FCommandoSkins.cmdo?Face=FCommandoSkins.ivana?Voice=BotPack.VoiceFemaleOne?Checksum=NoChecksum
DevNet: Level server received: JOIN
DevNet: Join request: Index.unr?LAN?Name=adrak0?Class=Botpack.TFemale1?team=1?skin=FCommandoSkins.cmdo?Face=FCommandoSkins.ivana?Voice=BotPack.VoiceFemaleOne?Checksum=NoChecksum
ScriptLog: Team 1
ScriptLog: Login: adrak0
Log: Possessed PlayerPawn: TFemale1 DM-Morpheus.TFemale1
DevNet: Join succeeded: Player2
NetComeGo: Close TcpipConnection2 08/31/23 18:33:31
NetComeGo: Close TcpipConnection1 08/31/23 18:33:40
Log: WLog::OnCommand ID_NotifyExit
Log: appRequestExit(0)
Exit: Preparing to exit.
Log: Collecting garbage
Log: Purging garbage
Log: Unbound to Engine.dll
Log: Unbound to Core.dll
Log: Unbound to Window.dll
Log: Unloading: Package Engine
Log: Unloading: Package Core
Exit: Game engine shut down
Log: Unloading: Package DM-Morpheus
Log: Unloading: Package FractalFX
Log: Unloading: Package Detail
Log: Unbound to Fire.dll
Log: Unloading: Package Fire
Log: Unloading: Package RainFX
Log: Unloading: Package DecayedS
Log: Unloading: Package city
Log: Unloading: Package Slums
Log: Unloading: Package Botpack
Log: Unloading: Package UnrealShare
Log: Unloading: Package UnrealI
Log: Unloading: Package Female2Voice
Log: Unloading: Package Male2Voice
Log: Unloading: Package Female1Voice
Log: Unloading: Package BossVoice
Log: Unloading: Package Male1Voice
Log: Unloading: Package UMenu
Log: Unloading: Package UWindow
Log: Unloading: Package UBrowser
Log: Unbound to IpDrv.dll
Log: Unloading: Package IpDrv
Log: Unloading: Package Announcer
Log: Unloading: Package SpaceFX
Log: Unloading: Package GenFX
Log: Unloading: Package UTtech2
Log: Unloading: Package genfluid
Log: Unloading: Package UTtech1
Log: Unloading: Package ShaneSky
Log: Unloading: Package Scripted
Log: Unloading: Package AmbModern
Log: Unloading: Package AmbOutside
Log: Unloading: Package UTtech3
Log: Unloading: Package SaveMe
Exit: WinSock shut down
Log: Unloading: Package SGirlSkins
Log: Unloading: Package FCommandoSkins
Log: Unloading: Package CommandoSkins
Log: Unloading: Package SoldierSkins
Log: Unloading: Package BossSkins
Log: Unloading: Package MultiMesh
Log: Unloading: Package EpicCustomModels
Log: Unloading: Package Relics
Log: Unloading: Package TCowMeshSkins
Log: Unloading: Package TNaliMeshSkins
Log: Unloading: Package TSkMSkins
Log: Unloading: Package de
Log: Unloading: Package IpServer
Log: Unbound to UWeb.dll
Log: Unloading: Package UWeb
Log: Garbage: objects: 17796->0; refs: 0
Exit: Object subsystem successfully closed.
Exit: Exiting.
Exit: Allocation checking disabled
Log: Log file closed, 08/31/23 18:44:08
