Log: Log file open, 08/09/23 21:58:14
Init: Name subsystem initialized
Init: Version: 469
Init: Revision: c (Release)
Init: Compiled: Oct 29 2022 10:10:27
Init: Command line: 
Init: Base directory: C:\Users\anika\OneDrive\Documents\Unreal Projects\Demo\Unreal Tournament 1999\System\
Init: Character set: Unicode
Log: Bound to Engine.dll
Log: Bound to Core.dll
Log: Bound to Window.dll
Init: Object subsystem initialized
Init: Detected: Microsoft Windows NT 6.2 (Build: 9200)
Log: Enabling Data Executing Prevention
Init: Computer: M16
Init: User: anika
Init: Memory total: Phys=4194303K Pagef=4194303K Virt=4194176K
Init: Working set: 32000 / 159000
Init: CPU Page size=4096, Processors=32
Init: CPU Detected: 13th Gen Intel(R) Core(TM) i9-13900HX (GenuineIntel)
Init: CPU Features: INVARIANT_TSC CMov FPU RDTSC PAE MMX SSE SSE2 SSE3 SSSE3 SSE4_1 SSE4_2 AVX AVX2
Init: Timer Frequency=2419.199765 MHz - Timing Source = RDTSC
Init: Unreal engine initialized
Log: Bound to WinDrv.dll
Init: Enhanced Pointer Precision Disabled
Init: Initializing DirectDraw
Init: DirectDraw drivers detected:
Init:    display (Primary Display Driver)
Init: DirectDraw: Enumerated Display Modes:
Init: DirectDraw: Mode 640x480x32
Init: DirectDraw: Mode 720x480x32
Init: DirectDraw: Mode 720x576x32
Init: DirectDraw: Mode 800x600x32
Init: DirectDraw: Mode 1024x768x32
Init: DirectDraw: Mode 1152x864x32
Init: DirectDraw: Mode 1176x664x32
Init: DirectDraw: Mode 1280x720x32
Init: DirectDraw: Mode 1280x768x32
Init: DirectDraw: Mode 1280x800x32
Init: DirectDraw: Mode 1280x960x32
Init: DirectDraw: Mode 1280x1024x32
Init: DirectDraw: Mode 1366x768x32
Init: DirectDraw: Mode 1440x1080x32
Init: DirectDraw: Mode 1600x900x32
Init: DirectDraw: Mode 1600x1024x32
Init: DirectDraw: Mode 1680x1050x32
Init: DirectDraw: Mode 3840x2160x32
Init: DirectDraw: Mode 1920x1080x32
Init: DirectDraw: Mode 1440x900x32
Init: DirectDraw initialized successfully
Init: Unregistering Mouse for RawInput.
Init: RawInput Devices registered.
Init: Client initialized
Log: Bound to Render.dll
Init: Lighting subsystem initialized
Init: Rendering initialized
Log: LoadMap: Entry
Log: Bound to Fire.dll
Log: Bound to IpDrv.dll
Log: Game class is 'UTIntro'
Log: Bringing Level Entry.MyLevel up for play (240)...
ScriptLog: InitGame: 
ScriptLog: Base Mutator is Entry.Mutator0
Log: Browse: CityIntro.unr?Name=adrak0?Class=Botpack.TFemale1?team=1?skin=FCommandoSkins.cmdo?Face=FCommandoSkins.ivana?Voice=BotPack.VoiceFemaleOne
Log: LoadMap: CityIntro.unr?Name=adrak0?Class=Botpack.TFemale1?team=1?skin=FCommandoSkins.cmdo?Face=FCommandoSkins.ivana?Voice=BotPack.VoiceFemaleOne
Log: Collecting garbage
Log: Purging garbage
Log: Unloading: Package WinDrv
Log: Unloading: Package Render
Log: Garbage: objects: 16928->16926; refs: 227992
Log: Game class is 'UTIntro'
Log: Bringing Level CityIntro.MyLevel up for play (240)...
ScriptLog: InitGame: ?Name=adrak0?Class=Botpack.TFemale1?team=1?skin=FCommandoSkins.cmdo?Face=FCommandoSkins.ivana?Voice=BotPack.VoiceFemaleOne
ScriptLog: Base Mutator is CityIntro.Mutator0
Init: Initialized moving brush tracker for Level CityIntro.MyLevel
Log: Bound to UWeb.dll
ScriptLog: Team 1
ScriptLog: Login: adrak0
Log: Possessed PlayerPawn: TFemale1 CityIntro.TFemale0
Init: Input system initialized for WindowsViewport0
Log: Opened viewport
Log: Bound to XOpenGLDrv.dll
DevGraphics: XOpenGL: Fullscreen NewX 1920 NewY 1080
DevGraphics: XOpenGL: ChangeDisplaySettings: 1920x1080
Init: Registering Mouse for RawInput.
Init: Using RIDEV_CAPTUREMOUSE
Init: RawInput Devices registered.
Init: XOpenGL: Successfully initialized.
Init: XOpenGL: DesiredColorBits: 32
Init: XOpenGL: DesiredDepthBits: 24
DevGraphics: XOpenGL: Setting PixelFormat: 41
Init: GL_VENDOR     : NVIDIA Corporation
Init: GL_RENDERER   : NVIDIA GeForce RTX 4080 Laptop GPU/PCIe/SSE2
Init: GL_VERSION    : 4.6.0 NVIDIA 536.67
Init: GL_SHADING_LANGUAGE_VERSION    : 4.60 NVIDIA
Init: OpenGL 4.6 context initialized!
DevGraphics: XOpenGL: GL_ARB_bindless_texture found. UseBindlessTextures enabled.
DevGraphics: XOpenGL: GL_ARB_shader_draw_parameters and GL_ARB_shader_storage_buffer_object found. UseShaderDrawParameters enabled.
DevGraphics: XOpenGL: GL_ARB_cull_distance / GL_EXT_clip_cull_distance found.
DevGraphics: XOpenGL: GL_NVX_gpu_memory_info found.
DevGraphics: XOpenGL: WGL_EXT_swap_control found.
DevGraphics: XOpenGL: WGL_EXT_swap_control_tear found.
DevGraphics: XOpenGL: MaxTextureImageUnits: 32
DevGraphics: XOpenGL: MaxVertexTextureImageUnits: 32
DevGraphics: XOpenGL: MaxImageUnits: 8
DevGraphics: XOpenGL: MaxCombinedTextureImageUnits: 192
DevGraphics: XOpenGL: MaxElementsVertices: 1048576
DevGraphics: XOpenGL: MaxUniformBufferBindings: 84
DevGraphics: XOpenGL: MaxDualSourceDrawBuffers: 1
DevGraphics: XOpenGL: MaxTextureSize: 32768
DevGraphics: XOpenGL: MaxAnisotropy = (4.000000/16.000000)
DevGraphics: XOpenGL: NumAASamples: (4/32)
DevGraphics: XOpenGL: GL_NUM_EXTENSIONS found: 402
DevGraphics: XOpenGL: GL_MAX_CLIP_DISTANCES found: 8
DevGraphics: XOpenGL: MaxUniformBlockSize: 65536
DevGraphics: XOpenGL: Flush
Init: XOpenGL: Setting VSync: Adaptive
Log: XOpenGL: BindlessHandleStorage: Shader Storage Buffer Object
DevGraphics: XOpenGL: invalid or unused shader var (UniformLocation) bHitTesting in DrawSimple
DevGraphics: XOpenGL: invalid or unused shader var (UniformLocation) LineFlags in DrawSimple
DevGraphics: XOpenGL: invalid or unused shader var (UniformLocation) TexCoords in DrawTile
DevGraphics: XOpenGL: invalid or unused shader var (UniformLocation) bHitTesting in DrawTile
DevGraphics: XOpenGL: invalid or unused shader var (UniformLocation) HitDrawColor in DrawTile
DevGraphics: XOpenGL: invalid or unused shader var (UniformLocation) TexNum in DrawTile
DevGraphics: XOpenGL: invalid or unused shader var (UniformLocation) TexCoords in DrawComplexSinglePass
DevGraphics: XOpenGL: invalid or unused shader var (UniformLocation) TexNum in DrawComplexSinglePass
DevGraphics: XOpenGL: invalid or unused shader var (UniformLocation) DrawFlags in DrawComplexSinglePass
DevGraphics: XOpenGL: invalid or unused shader var (UniformLocation) Texture6 in DrawComplexSinglePass
DevGraphics: XOpenGL: invalid or unused shader var (UniformLocation) Texture7 in DrawComplexSinglePass
DevGraphics: XOpenGL: invalid or unused shader var (UniformLocation) DrawData in DrawGouraud
DevGraphics: XOpenGL: invalid or unused shader var (UniformLocation) DrawFlags in DrawGouraud
DevGraphics: XOpenGL: invalid or unused shader var (UniformLocation) TexNum in DrawGouraud
DevGraphics: XOpenGL: invalid or unused shader var (UniformLocation) Texture4 in DrawGouraud
DevGraphics: XOpenGL: invalid or unused shader var (UniformLocation) Texture5 in DrawGouraud
DevGraphics: XOpenGL: invalid or unused shader var (UniformLocation) Texture6 in DrawGouraud
DevGraphics: XOpenGL: invalid or unused shader var (UniformLocation) Texture7 in DrawGouraud
DevGraphics: Mapping Buffers
DevGraphics: Mapping BindlessTexturesBuffer
Log: Bound to Galaxy.dll
Init: Galaxy is using DirectSound
Init: Galaxy initialized
DevAudio: Galaxy SetViewport: WindowsViewport0
Init: Game engine initialized
Log: Startup time: 1.559471 seconds
Warning: FIREWALL: Freed XP.SP2 Firewall Object
Log: URL: Adding default option Name=adrak0
Log: URL: Adding default option Class=Botpack.TFemale1
Log: URL: Adding default option team=1
Log: URL: Adding default option skin=FCommandoSkins.cmdo
Log: URL: Adding default option Face=FCommandoSkins.ivana
Log: URL: Adding default option Voice=BotPack.VoiceFemaleOne
Log: Browse: Index.unr?entry?Name=adrak0?Class=Botpack.TFemale1?team=1?skin=FCommandoSkins.cmdo?Face=FCommandoSkins.ivana?Voice=BotPack.VoiceFemaleOne
Log: Failed; returning to Entry
Init: Shut down moving brush tracker for Level CityIntro.MyLevel
Log: Spawning new actor for Viewport WindowsViewport0
ScriptLog: Team 1
ScriptLog: Login: adrak0
Log: Possessed PlayerPawn: TFemale1 Entry.TFemale10
DevAudio: Galaxy SetViewport: WindowsViewport0
ScriptLog: Creating root window: UMenu.UMenuRootWindow
ScriptLog: Calculated Effective GUI Scale: 1.000000
Log: Bound to udemo.dll
udemo: Startup hack successful!
Log: UDEMO: Successfully got list of demos
Init: WinSock: version 1.1 (2.2), MaxSocks=32767, MaxUdp=65467
Log: Resolving unreal.epicgames.com...
Log: AInternetLink Resolve failed: Can't find host unreal.epicgames.com (WSAHOST_NOT_FOUND)
Log: Resolving utmaster.epicgames.com...
Log: Resolving master.333networks.com...
Log: AInternetLink Resolve failed: Can't find host utmaster.epicgames.com (WSAHOST_NOT_FOUND)
ScriptLog: UBrowserGSpyLink[utmaster.epicgames.com:28900]: Failed to resolve master server address, aborting.
Log: Resolved master.333networks.com (81.205.81.173)
ScriptLog: UBrowserGSpyLink: Master Server is master.333networks.com:28900
Init: WinSock: I am M16 (192.168.56.1)
ScriptLog: Timed out getting player replies.  Attempt 1
ScriptLog: Timed out getting player replies.  Attempt 1
ScriptLog: Timed out getting player replies.  Attempt 1
ScriptLog: Timed out getting player replies.  Attempt 1
ScriptLog: Timed out getting player replies.  Attempt 1
Log: Resolving unreal.epicgames.com...
Log: AInternetLink Resolve failed: Can't find host unreal.epicgames.com (WSAHOST_NOT_FOUND)
ScriptLog: Timed out getting player replies.  Attempt 1
ScriptLog: Timed out getting player replies.  Attempt 1
ScriptLog: Timed out getting player replies.  Attempt 1
ScriptLog: Timed out getting player replies.  Attempt 1
ScriptLog: Timed out getting player replies.  Attempt 1
ScriptLog: Timed out getting player replies.  Attempt 1
ScriptLog: Timed out getting player replies.  Attempt 1
ScriptLog: Timed out getting player replies.  Attempt 1
ScriptLog: Timed out getting player replies.  Giving Up
ScriptLog: Timed out getting player replies.  Attempt 1
ScriptLog: Timed out getting player replies.  Attempt 1
ScriptLog: Timed out getting player replies.  Attempt 1
ScriptLog: Timed out getting player replies.  Giving Up
ScriptLog: Timed out getting player replies.  Giving Up
ScriptLog: Timed out getting player replies.  Giving Up
ScriptLog: Timed out getting player replies.  Attempt 1
ScriptLog: Timed out getting player replies.  Attempt 1
ScriptLog: Timed out getting player replies.  Attempt 1
ScriptLog: Timed out getting player replies.  Attempt 1
ScriptLog: Timed out getting player replies.  Attempt 1
ScriptLog: Timed out getting player replies.  Attempt 1
ScriptLog: Timed out getting player replies.  Attempt 1
ScriptLog: Timed out getting player replies.  Attempt 1
ScriptLog: Timed out getting player replies.  Attempt 1
ScriptLog: Timed out getting player replies.  Attempt 1
ScriptLog: Timed out getting player replies.  Attempt 1
ScriptLog: Timed out getting player replies.  Attempt 1
ScriptLog: Timed out getting player replies.  Giving Up
ScriptLog: Timed out getting player replies.  Attempt 1
ScriptLog: Timed out getting player replies.  Attempt 1
ScriptLog: Timed out getting player replies.  Attempt 1
ScriptLog: Ping Timeout from 213.230.216.9.  Attempt 1
ScriptLog: Ping Timeout from 213.230.216.9.  Attempt 1
ScriptLog: Ping Timeout from 213.230.216.9.  Attempt 1
ScriptLog: Timed out getting player replies.  Attempt 1
ScriptLog: Ping Timeout from 213.230.216.9.  Attempt 1
ScriptLog: Timed out getting player replies.  Attempt 1
ScriptLog: Timed out getting player replies.  Attempt 1
ScriptLog: Timed out getting player replies.  Attempt 1
ScriptLog: Timed out getting player replies.  Attempt 1
ScriptLog: Ping Timeout from 103.125.218.185.  Attempt 1
ScriptLog: Timed out getting player replies.  Attempt 1
ScriptLog: Timed out getting player replies.  Attempt 1
ScriptLog: Ping Timeout from 213.230.216.9 Giving Up
ScriptLog: Timed out getting player replies.  Giving Up
ScriptLog: Timed out getting player replies.  Attempt 1
ScriptLog: Timed out getting player replies.  Attempt 1
ScriptLog: Ping Timeout from 213.230.216.9 Giving Up
ScriptLog: Timed out getting player replies.  Attempt 1
ScriptLog: Ping Timeout from 213.230.216.9 Giving Up
ScriptLog: Timed out getting player replies.  Attempt 1
ScriptLog: Timed out getting player replies.  Attempt 1
ScriptLog: Timed out getting player replies.  Attempt 1
ScriptLog: Ping Timeout from 114.23.116.2.  Attempt 1
ScriptLog: Timed out getting player replies.  Attempt 1
ScriptLog: Timed out getting player replies.  Attempt 1
ScriptLog: Timed out getting player replies.  Attempt 1
ScriptLog: Ping Timeout from 213.230.216.9 Giving Up
Log: Resolving unreal.epicgames.com...
Log: AInternetLink Resolve failed: Can't find host unreal.epicgames.com (WSAHOST_NOT_FOUND)
ScriptLog: Ping Timeout from 46.138.254.64.  Attempt 1
ScriptLog: Timed out getting player replies.  Attempt 1
ScriptLog: Timed out getting player replies.  Attempt 1
ScriptLog: Timed out getting player replies.  Attempt 1
ScriptLog: Timed out getting player replies.  Attempt 1
ScriptLog: Timed out getting player replies.  Attempt 1
ScriptLog: Timed out getting player replies.  Attempt 1
ScriptLog: Timed out getting player replies.  Attempt 1
ScriptLog: Timed out getting player replies.  Attempt 1
ScriptLog: Ping Timeout from 51.158.144.133.  Attempt 1
ScriptLog: Timed out getting player replies.  Attempt 1
ScriptLog: Timed out getting player replies.  Attempt 1
ScriptLog: Timed out getting player replies.  Attempt 1
ScriptLog: Timed out getting player replies.  Attempt 1
ScriptLog: Timed out getting player replies.  Giving Up
ScriptLog: Timed out getting player replies.  Attempt 1
ScriptLog: Ping Timeout from 114.23.116.15.  Attempt 1
ScriptLog: Timed out getting player replies.  Attempt 1
ScriptLog: Timed out getting player replies.  Attempt 1
ScriptLog: Timed out getting player replies.  Attempt 1
ScriptLog: Timed out getting player replies.  Attempt 1
ScriptLog: Timed out getting player replies.  Attempt 1
ScriptLog: Timed out getting player replies.  Attempt 1
ScriptLog: Ping Timeout from 46.138.254.64 Giving Up
ScriptLog: Timed out getting player replies.  Attempt 1
ScriptLog: Timed out getting player replies.  Attempt 1
ScriptLog: Timed out getting player replies.  Attempt 1
ScriptLog: Timed out getting player replies.  Attempt 1
ScriptLog: Timed out getting player replies.  Attempt 1
ScriptLog: Timed out getting player replies.  Attempt 1
ScriptLog: Timed out getting player replies.  Attempt 1
ScriptLog: Timed out getting player replies.  Attempt 1
ScriptLog: Timed out getting player replies.  Attempt 1
ScriptLog: Timed out getting player replies.  Attempt 1
ScriptLog: Timed out getting player replies.  Attempt 1
ScriptLog: Timed out getting player replies.  Attempt 1
ScriptLog: Timed out getting player replies.  Attempt 1
ScriptLog: Ping Timeout from 68.103.38.126.  Attempt 1
ScriptLog: Timed out getting player replies.  Attempt 1
ScriptLog: Timed out getting player replies.  Attempt 1
ScriptLog: Timed out getting player replies.  Attempt 1
ScriptLog: Timed out getting player replies.  Attempt 1
ScriptLog: Timed out getting player replies.  Attempt 1
ScriptLog: Timed out getting player replies.  Attempt 1
ScriptLog: Timed out getting player replies.  Attempt 1
ScriptLog: Ping Timeout from 185.233.253.164.  Attempt 1
ScriptLog: Ping Timeout from 51.158.144.133 Giving Up
ScriptLog: Ping Timeout from 163.5.150.28.  Attempt 1
ScriptLog: Timed out getting player replies.  Attempt 1
ScriptLog: Timed out getting player replies.  Giving Up
ScriptLog: Timed out getting player replies.  Attempt 1
ScriptLog: Timed out getting player replies.  Attempt 1
ScriptLog: Timed out getting player replies.  Giving Up
ScriptLog: Timed out getting player replies.  Attempt 1
ScriptLog: Timed out getting player replies.  Attempt 1
ScriptLog: Timed out getting player replies.  Attempt 1
ScriptLog: Timed out getting player replies.  Attempt 1
ScriptLog: Timed out getting player replies.  Attempt 1
ScriptLog: Timed out getting player replies.  Attempt 1
ScriptLog: Timed out getting player replies.  Attempt 1
ScriptLog: Timed out getting player replies.  Giving Up
ScriptLog: Timed out getting player replies.  Attempt 1
ScriptLog: Timed out getting player replies.  Giving Up
ScriptLog: Timed out getting player replies.  Giving Up
ScriptLog: Timed out getting player replies.  Attempt 1
ScriptLog: Timed out getting player replies.  Attempt 1
ScriptLog: Timed out getting player replies.  Attempt 1
ScriptLog: Ping Timeout from 68.103.38.126 Giving Up
ScriptLog: Timed out getting player replies.  Attempt 1
ScriptLog: Timed out getting player replies.  Giving Up
ScriptLog: Ping Timeout from 213.230.216.9.  Attempt 1
ScriptLog: Timed out getting player replies.  Giving Up
ScriptLog: Ping Timeout from 185.233.253.164 Giving Up
ScriptLog: Timed out getting player replies.  Attempt 1
ScriptLog: Ping Timeout from 94.208.197.152.  Attempt 1
ScriptLog: Timed out getting player replies.  Giving Up
ScriptLog: Timed out getting player replies.  Attempt 1
ScriptLog: Timed out getting player replies.  Attempt 1
ScriptLog: Timed out getting player replies.  Attempt 1
ScriptLog: Timed out getting player replies.  Attempt 1
ScriptLog: Ping Timeout from 149.28.250.148.  Attempt 1
ScriptLog: Ping Timeout from 163.5.150.28 Giving Up
ScriptLog: Timed out getting player replies.  Giving Up
ScriptLog: Ping Timeout from 149.28.250.148.  Attempt 1
ScriptLog: Timed out getting player replies.  Giving Up
ScriptLog: Timed out getting player replies.  Attempt 1
ScriptLog: Timed out getting player replies.  Giving Up
ScriptLog: Ping Timeout from 81.110.22.83.  Attempt 1
ScriptLog: Ping Timeout from 94.208.197.152 Giving Up
ScriptLog: Ping Timeout from 31.120.253.104.  Attempt 1
ScriptLog: Timed out getting player replies.  Giving Up
ScriptLog: Ping Timeout from 213.230.216.9 Giving Up
ScriptLog: Timed out getting player replies.  Giving Up
ScriptLog: Ping Timeout from 207.231.2.55.  Attempt 1
ScriptLog: Ping Timeout from 149.28.250.148 Giving Up
ScriptLog: Ping Timeout from 149.28.250.148 Giving Up
ScriptLog: Timed out getting player replies.  Attempt 1
ScriptLog: Ping Timeout from 81.110.22.83 Giving Up
ScriptLog: Ping Timeout from 207.231.2.55 Giving Up
ScriptLog: Timed out getting player replies.  Attempt 1
ScriptLog: Ping Timeout from 31.120.253.104 Giving Up
ScriptLog: Timed out getting player replies.  Attempt 1
ScriptLog: Timed out getting player replies.  Attempt 1
ScriptLog: Timed out getting player replies.  Attempt 1
ScriptLog: Timed out getting player replies.  Attempt 1
ScriptLog: Timed out getting player replies.  Attempt 1
ScriptLog: Timed out getting player replies.  Attempt 1
ScriptLog: Timed out getting player replies.  Attempt 1
ScriptLog: Timed out getting player replies.  Attempt 1
ScriptLog: Timed out getting player replies.  Attempt 1
ScriptLog: Timed out getting player replies.  Attempt 1
ScriptLog: Timed out getting player replies.  Attempt 1
ScriptLog: Timed out getting player replies.  Giving Up
ScriptLog: Timed out getting player replies.  Attempt 1
ScriptLog: Ping Timeout from 51.38.79.21.  Attempt 1
ScriptLog: Ping Timeout from 24.11.96.209.  Attempt 1
ScriptLog: Ping Timeout from 67.182.235.39.  Attempt 1
ScriptLog: Timed out getting player replies.  Giving Up
ScriptLog: Timed out getting player replies.  Attempt 1
ScriptLog: Ping Timeout from 70.110.146.101.  Attempt 1
ScriptLog: Timed out getting player replies.  Attempt 1
ScriptLog: Timed out getting player replies.  Attempt 1
ScriptLog: Timed out getting player replies.  Attempt 1
ScriptLog: Timed out getting player replies.  Attempt 1
ScriptLog: Timed out getting player replies.  Attempt 1
ScriptLog: Ping Timeout from 24.11.96.209 Giving Up
ScriptLog: Timed out getting player replies.  Attempt 1
ScriptLog: Ping Timeout from 72.78.68.53.  Attempt 1
ScriptLog: Timed out getting player replies.  Attempt 1
ScriptLog: Timed out getting player replies.  Attempt 1
ScriptLog: Timed out getting player replies.  Attempt 1
ScriptLog: Ping Timeout from 67.182.235.39 Giving Up
ScriptLog: Timed out getting player replies.  Attempt 1
ScriptLog: Ping Timeout from 47.185.218.8.  Attempt 1
ScriptLog: Timed out getting player replies.  Attempt 1
ScriptLog: Timed out getting player replies.  Attempt 1
ScriptLog: Ping Timeout from 70.110.146.101 Giving Up
ScriptLog: Timed out getting player replies.  Attempt 1
ScriptLog: Timed out getting player replies.  Attempt 1
ScriptLog: Timed out getting player replies.  Giving Up
ScriptLog: Timed out getting player replies.  Attempt 1
ScriptLog: Timed out getting player replies.  Attempt 1
ScriptLog: Timed out getting player replies.  Attempt 1
ScriptLog: Timed out getting player replies.  Attempt 1
ScriptLog: Timed out getting player replies.  Giving Up
ScriptLog: Ping Timeout from 72.78.68.53 Giving Up
ScriptLog: Timed out getting player replies.  Attempt 1
ScriptLog: Ping Timeout from 37.59.37.210.  Attempt 1
ScriptLog: Ping Timeout from 47.185.218.8 Giving Up
ScriptLog: Timed out getting player replies.  Attempt 1
ScriptLog: Timed out getting player replies.  Attempt 1
ScriptLog: Timed out getting player replies.  Attempt 1
ScriptLog: Ping Timeout from 37.59.37.210.  Attempt 1
ScriptLog: Ping Timeout from 37.59.37.210.  Attempt 1
ScriptLog: Ping Timeout from 20.76.205.37.  Attempt 1
ScriptLog: Timed out getting player replies.  Attempt 1
ScriptLog: Timed out getting player replies.  Attempt 1
ScriptLog: Timed out getting player replies.  Attempt 1
ScriptLog: Timed out getting player replies.  Attempt 1
ScriptLog: Timed out getting player replies.  Attempt 1
ScriptLog: Timed out getting player replies.  Attempt 1
ScriptLog: Timed out getting player replies.  Attempt 1
ScriptLog: Timed out getting player replies.  Attempt 1
ScriptLog: Timed out getting player replies.  Attempt 1
ScriptLog: Ping Timeout from 37.59.37.210 Giving Up
ScriptLog: Ping Timeout from 37.59.37.210 Giving Up
ScriptLog: Ping Timeout from 37.59.37.210 Giving Up
ScriptLog: Timed out getting player replies.  Attempt 1
ScriptLog: Timed out getting player replies.  Attempt 1
ScriptLog: Timed out getting player replies.  Attempt 1
ScriptLog: Ping Timeout from 217.76.52.175.  Attempt 1
ScriptLog: Timed out getting player replies.  Attempt 1
ScriptLog: Timed out getting player replies.  Attempt 1
ScriptLog: Timed out getting player replies.  Attempt 1
ScriptLog: Ping Timeout from 79.207.108.15.  Attempt 1
ScriptLog: Ping Timeout from 20.76.205.37 Giving Up
ScriptLog: Ping Timeout from 60.225.229.166.  Attempt 1
ScriptLog: Ping Timeout from 217.76.52.175 Giving Up
ScriptLog: Timed out getting player replies.  Giving Up
ScriptLog: Ping Timeout from 47.223.80.43.  Attempt 1
ScriptLog: Timed out getting player replies.  Attempt 1
ScriptLog: Timed out getting player replies.  Attempt 1
ScriptLog: Ping Timeout from 163.5.150.58.  Attempt 1
ScriptLog: Timed out getting player replies.  Attempt 1
ScriptLog: Ping Timeout from 62.219.126.72.  Attempt 1
ScriptLog: Ping Timeout from 79.207.108.15 Giving Up
ScriptLog: Timed out getting player replies.  Attempt 1
ScriptLog: Timed out getting player replies.  Attempt 1
ScriptLog: Ping Timeout from 163.5.150.59.  Attempt 1
ScriptLog: Timed out getting player replies.  Attempt 1
ScriptLog: Ping Timeout from 98.168.196.109.  Attempt 1
ScriptLog: Ping Timeout from 60.225.229.166 Giving Up
ScriptLog: Ping Timeout from 47.223.80.43 Giving Up
ScriptLog: Timed out getting player replies.  Attempt 1
ScriptLog: Ping Timeout from 151.236.216.75.  Attempt 1
ScriptLog: Ping Timeout from 62.219.126.72 Giving Up
ScriptLog: Ping Timeout from 186.137.54.176.  Attempt 1
ScriptLog: Ping Timeout from 163.5.150.58 Giving Up
ScriptLog: Ping Timeout from 163.5.150.59 Giving Up
ScriptLog: Timed out getting player replies.  Attempt 1
ScriptLog: Timed out getting player replies.  Attempt 1
ScriptLog: Timed out getting player replies.  Attempt 1
ScriptLog: Ping Timeout from 190.114.38.48.  Attempt 1
ScriptLog: Ping Timeout from 98.168.196.109 Giving Up
ScriptLog: Ping Timeout from 151.236.216.75 Giving Up
ScriptLog: Ping Timeout from 186.137.54.176 Giving Up
ScriptLog: Ping Timeout from 206.253.136.40.  Attempt 1
ScriptLog: Timed out getting player replies.  Attempt 1
ScriptLog: Timed out getting player replies.  Attempt 1
ScriptLog: Timed out getting player replies.  Attempt 1
ScriptLog: Ping Timeout from 47.223.80.43.  Attempt 1
ScriptLog: Ping Timeout from 50.39.124.132.  Attempt 1
ScriptLog: Ping Timeout from 50.39.124.132.  Attempt 1
ScriptLog: Ping Timeout from 50.39.124.132.  Attempt 1
ScriptLog: Ping Timeout from 190.114.38.48 Giving Up
ScriptLog: Timed out getting player replies.  Giving Up
ScriptLog: Ping Timeout from 176.58.120.227.  Attempt 1
ScriptLog: Ping Timeout from 131.255.230.150.  Attempt 1
ScriptLog: Ping Timeout from 206.253.136.40 Giving Up
ScriptLog: Timed out getting player replies.  Attempt 1
ScriptLog: Ping Timeout from 50.39.124.132.  Attempt 1
ScriptLog: Ping Timeout from 85.167.160.88.  Attempt 1
ScriptLog: Ping Timeout from 50.39.124.132 Giving Up
ScriptLog: Ping Timeout from 50.39.124.132 Giving Up
ScriptLog: Ping Timeout from 50.39.124.132 Giving Up
ScriptLog: Ping Timeout from 47.223.80.43 Giving Up
ScriptLog: Ping Timeout from 176.58.120.227 Giving Up
ScriptLog: Timed out getting player replies.  Attempt 1
ScriptLog: Ping Timeout from 50.39.124.132 Giving Up
ScriptLog: Ping Timeout from 131.255.230.150 Giving Up
ScriptLog: Ping Timeout from 176.58.120.227.  Attempt 1
ScriptLog: Ping Timeout from 85.167.160.88 Giving Up
ScriptLog: Ping Timeout from 176.58.120.227.  Attempt 1
ScriptLog: Ping Timeout from 176.58.120.227.  Attempt 1
ScriptLog: Ping Timeout from 176.58.120.227.  Attempt 1
ScriptLog: Timed out getting player replies.  Attempt 1
ScriptLog: Timed out getting player replies.  Attempt 1
ScriptLog: Ping Timeout from 176.58.120.227.  Attempt 1
ScriptLog: Ping Timeout from 176.58.120.227 Giving Up
ScriptLog: Timed out getting player replies.  Attempt 1
ScriptLog: Ping Timeout from 163.5.150.83.  Attempt 1
ScriptLog: Ping Timeout from 176.58.120.227.  Attempt 1
ScriptLog: Ping Timeout from 176.58.120.227 Giving Up
ScriptLog: Ping Timeout from 176.58.120.227.  Attempt 1
ScriptLog: Ping Timeout from 176.58.120.227.  Attempt 1
ScriptLog: Ping Timeout from 176.58.120.227 Giving Up
ScriptLog: Ping Timeout from 176.58.120.227 Giving Up
ScriptLog: Ping Timeout from 163.5.150.60.  Attempt 1
ScriptLog: Ping Timeout from 163.5.150.61.  Attempt 1
ScriptLog: Ping Timeout from 163.5.150.62.  Attempt 1
ScriptLog: Ping Timeout from 163.5.150.66.  Attempt 1
ScriptLog: Ping Timeout from 176.58.120.227 Giving Up
ScriptLog: Ping Timeout from 163.5.150.65.  Attempt 1
ScriptLog: Ping Timeout from 176.58.120.227 Giving Up
ScriptLog: Ping Timeout from 163.5.150.83 Giving Up
ScriptLog: Ping Timeout from 176.58.120.227 Giving Up
ScriptLog: Ping Timeout from 176.58.120.227 Giving Up
ScriptLog: Ping Timeout from 163.5.150.60 Giving Up
ScriptLog: Ping Timeout from 163.5.150.61 Giving Up
ScriptLog: Ping Timeout from 163.5.150.62 Giving Up
ScriptLog: Ping Timeout from 176.58.120.227.  Attempt 1
ScriptLog: Ping Timeout from 163.5.150.66 Giving Up
ScriptLog: Ping Timeout from 163.5.150.64.  Attempt 1
ScriptLog: Ping Timeout from 176.58.120.227.  Attempt 1
ScriptLog: Ping Timeout from 163.5.150.63.  Attempt 1
ScriptLog: Ping Timeout from 176.58.120.227.  Attempt 1
ScriptLog: Ping Timeout from 163.5.150.65 Giving Up
ScriptLog: Ping Timeout from 176.58.120.227.  Attempt 1
ScriptLog: Ping Timeout from 163.5.150.64 Giving Up
ScriptLog: Ping Timeout from 109.250.17.102.  Attempt 1
ScriptLog: Ping Timeout from 176.58.120.227 Giving Up
ScriptLog: Ping Timeout from 176.58.120.227 Giving Up
ScriptLog: Ping Timeout from 163.5.150.63 Giving Up
ScriptLog: Ping Timeout from 91.10.114.37.  Attempt 1
ScriptLog: Ping Timeout from 3.139.132.236.  Attempt 1
ScriptLog: Ping Timeout from 176.58.120.227 Giving Up
ScriptLog: Ping Timeout from 176.58.120.227 Giving Up
ScriptLog: Ping Timeout from 177.71.104.245.  Attempt 1
ScriptLog: Ping Timeout from 46.114.157.221.  Attempt 1
ScriptLog: Timed out getting player replies.  Attempt 1
ScriptLog: Ping Timeout from 109.250.17.102 Giving Up
ScriptLog: Ping Timeout from 91.10.114.37 Giving Up
ScriptLog: Ping Timeout from 46.114.157.221 Giving Up
ScriptLog: Ping Timeout from 3.139.132.236 Giving Up
ScriptLog: Ping Timeout from 177.71.104.245 Giving Up
ScriptLog: Timed out getting player replies.  Giving Up
Log: appRequestExit(0)
Exit: Preparing to exit.
Log: Collecting garbage
Log: Purging garbage
Log: Unbound to Engine.dll
Log: Unbound to Core.dll
Log: Unbound to Window.dll
Log: Unloading: Package Engine
Log: Unloading: Package Core
Exit: Game engine shut down
Log: Unbound to WinDrv.dll
Log: DirectDraw End Mode
Log: Flushing cache
Exit: DirectDraw released
Exit: Windows client shut down
Log: Unbound to Render.dll
Exit: Lighting subsystem shut down
Exit: Rendering shut down
Log: Unloading: Package Entry
Log: Unloading: Package Logo
Log: Unbound to Fire.dll
Log: Unloading: Package Fire
Log: Unloading: Package credits
Log: Unloading: Package Botpack
Log: Unloading: Package UnrealShare
Log: Unloading: Package UnrealI
Log: Unloading: Package Female2Voice
Log: Unloading: Package Male2Voice
Log: Unloading: Package Female1Voice
Log: Unloading: Package BossVoice
Log: Unloading: Package Male1Voice
Log: Unloading: Package UMenu
Log: Unloading: Package UWindow
Log: Unloading: Package UBrowser
Log: Unbound to IpDrv.dll
Log: Unloading: Package IpDrv
Log: Unloading: Package Announcer
Log: Unloading: Package CityIntro
Log: Unloading: Package city
Log: Unloading: Package Detail
Log: Unloading: Package ArenaTex
Log: Unloading: Package GenFX
Log: Unloading: Package NaliCast
Log: Unloading: Package RainFX
Log: Unloading: Package DecayedS
Log: Unloading: Package GenIn
Log: Unloading: Package NaliFX
Log: Unloading: Package genfluid
Log: Unloading: Package ShaneSky
Log: Unloading: Package AmbModern
Log: Unloading: Package AmbAncient
Log: Unloading: Package openingwave
Log: Unloading: Package Uttitle
Log: Unloading: Package AmbOutside
Exit: XOpenGL: Exit
DevGraphics: UnMapping Buffers
Log: Unloading: Package UTMenu
Log: Unloading: Package LadderSounds
Log: Unbound to UWeb.dll
Log: Unloading: Package UWeb
Log: Unloading: Package UTServerAdmin
Log: Unloading: Package IpServer
Log: Unloading: Package LadrArrow
Log: Unloading: Package FCommandoSkins
Log: Unbound to XOpenGLDrv.dll
Log: Unbound to Galaxy.dll
DevAudio: Galaxy SetViewport: NULL
Exit: Galaxy shut down
Log: Unloading: Package LadderFonts
Log: Unloading: Package UWindowFonts
Log: Unloading: Package MultiMesh
Log: Unloading: Package EpicCustomModels
Log: Unbound to udemo.dll
Log: Unloading: Package udemo
Log: Unloading: Package utmenu23
Log: Unloading: Package UTBrowser
Log: Unloading: Package Crypt2
Log: Unloading: Package DOM-Cryptic
Log: Unloading: Package Crypt_FX
Log: Unloading: Package GenEarth
Log: Unloading: Package DoorsAnc
Log: Unloading: Package Skybox
Log: Unloading: Package GreatFire
Log: Unloading: Package LavaFX
Log: Unloading: Package SpaceFX
Log: Unloading: Package ShaneDay
Log: Unloading: Package Lian-X
Log: Unloading: Package Enigma
Log: Unloading: Package BluffFX
Log: Garbage: objects: 48312->0; refs: 0
Exit: Object subsystem successfully closed.
Exit: Exiting.
Exit: Allocation checking disabled
Log: Log file closed, 08/09/23 21:59:37
